<?xml version="1.0" encoding="UTF-8"?>
<testsuite name="org.fundacionjala.at15.katas.pokerhands.CroupierTest" tests="1" skipped="0" failures="0" errors="0" timestamp="2022-03-09T12:04:16" hostname="GLAMDRING" time="0.002">
  <properties/>
  <testcase name="itShouldDecideWinner" classname="org.fundacionjala.at15.katas.pokerhands.CroupierTest" time="0.002"/>
  <system-out><![CDATA[]]></system-out>
  <system-err><![CDATA[]]></system-err>
</testsuite>
