<?xml version="1.0" encoding="UTF-8"?>
<testsuite name="org.fundacionjala.at15.katas.calculator.CalculatorTest" tests="2" skipped="0" failures="0" errors="0" timestamp="2022-03-09T11:53:16" hostname="DULPHY-W10" time="0.005">
  <properties/>
  <testcase name="itShouldSubstractTwoIntegers" classname="org.fundacionjala.at15.katas.calculator.CalculatorTest" time="0.003"/>
  <testcase name="itShouldSumTwoIntegers" classname="org.fundacionjala.at15.katas.calculator.CalculatorTest" time="0.0"/>
  <system-out><![CDATA[]]></system-out>
  <system-err><![CDATA[]]></system-err>
</testsuite>
