<?xml version="1.0" encoding="UTF-8"?>
<testsuite name="org.fundacionjala.at15.katas.pokerhands.pokerHandTest" tests="1" skipped="0" failures="0" errors="0" timestamp="2022-03-09T03:07:55" hostname="ADRIAN-LAPTOP" time="0.003">
  <properties/>
  <testcase name="itShouldReturnTheHighestHand" classname="org.fundacionjala.at15.katas.pokerhands.pokerHandTest" time="0.003"/>
  <system-out><![CDATA[]]></system-out>
  <system-err><![CDATA[]]></system-err>
</testsuite>
