<?xml version="1.0" encoding="UTF-8"?>
<testsuite name="org.fundacionjala.at15.katas.poker.PokerTest" tests="1" skipped="0" failures="0" errors="0" timestamp="2022-03-08T23:19:54" hostname="DESKTOP-96F8HDU" time="0.003">
  <properties/>
  <testcase name="itShouldHaveFiveCards" classname="org.fundacionjala.at15.katas.poker.PokerTest" time="0.003"/>
  <system-out><![CDATA[]]></system-out>
  <system-err><![CDATA[]]></system-err>
</testsuite>
