<?xml version="1.0" encoding="UTF-8"?>
<testsuite name="org.fundacionjala.at15.katas.pokerhands.PokerHandTest" tests="1" skipped="0" failures="0" errors="0" timestamp="2022-03-09T04:31:13" hostname="DESKTOP-CFUSDHQ" time="0.006">
  <properties/>
  <testcase name="pokerhandsTest" classname="org.fundacionjala.at15.katas.pokerhands.PokerHandTest" time="0.006"/>
  <system-out><![CDATA[]]></system-out>
  <system-err><![CDATA[]]></system-err>
</testsuite>
