<?xml version="1.0" encoding="UTF-8"?>
<testsuite name="org.fundacionjala.at15.katas.pokerhands.SplitterTest" tests="3" skipped="0" failures="0" errors="0" timestamp="2022-03-09T03:51:02" hostname="GLAMDRING" time="0.006">
  <properties/>
  <testcase name="itShouldSplitTheValues" classname="org.fundacionjala.at15.katas.pokerhands.SplitterTest" time="0.005"/>
  <testcase name="itShouldChangeValuesHandToInt" classname="org.fundacionjala.at15.katas.pokerhands.SplitterTest" time="0.0"/>
  <testcase name="itShouldCorrectValuesHand" classname="org.fundacionjala.at15.katas.pokerhands.SplitterTest" time="0.0"/>
  <system-out><![CDATA[]]></system-out>
  <system-err><![CDATA[]]></system-err>
</testsuite>
