<?xml version="1.0" encoding="UTF-8"?>
<testsuite name="org.fundacionjala.at15.katas.calculator.cardsTest" tests="4" skipped="0" failures="0" errors="0" timestamp="2022-03-09T11:53:16" hostname="DULPHY-W10" time="0.034">
  <properties/>
  <testcase name="itShouldBeCardsHearts" classname="org.fundacionjala.at15.katas.calculator.cardsTest" time="0.033"/>
  <testcase name="itShouldBeCardsDiamons" classname="org.fundacionjala.at15.katas.calculator.cardsTest" time="0.0"/>
  <testcase name="itShouldBeCardsSpades" classname="org.fundacionjala.at15.katas.calculator.cardsTest" time="0.001"/>
  <testcase name="itShouldBeCardsClub" classname="org.fundacionjala.at15.katas.calculator.cardsTest" time="0.0"/>
  <system-out><![CDATA[]]></system-out>
  <system-err><![CDATA[]]></system-err>
</testsuite>
