<?xml version="1.0" encoding="UTF-8"?>
<testsuite name="org.fundacionjala.at15.katas.calculator.cardsTest" tests="1" skipped="0" failures="0" errors="0" timestamp="2022-03-08T23:40:21" hostname="DULPHY-W10" time="0.041">
  <properties/>
  <testcase name="itShouldBeCardsClub" classname="org.fundacionjala.at15.katas.calculator.cardsTest" time="0.041"/>
  <system-out><![CDATA[]]></system-out>
  <system-err><![CDATA[]]></system-err>
</testsuite>
