<?xml version="1.0" encoding="UTF-8"?>
<testsuite name="org.fundacionjala.at15.katas.calculator.CalculatorTest" tests="2" skipped="0" failures="0" errors="0" timestamp="2022-03-08T23:19:54" hostname="DESKTOP-96F8HDU" time="0.007">
  <properties/>
  <testcase name="itShouldSubstractTwoIntegers" classname="org.fundacionjala.at15.katas.calculator.CalculatorTest" time="0.005"/>
  <testcase name="itShouldSumTwoIntegers" classname="org.fundacionjala.at15.katas.calculator.CalculatorTest" time="0.001"/>
  <system-out><![CDATA[]]></system-out>
  <system-err><![CDATA[]]></system-err>
</testsuite>
