<?xml version="1.0" encoding="UTF-8"?>
<testsuite name="org.fundacionjala.at15.katas.pokerhands.CardsTest" tests="1" skipped="0" failures="0" errors="0" timestamp="2022-03-09T03:35:31" hostname="DESKTOP-CFUSDHQ" time="0.003">
  <properties/>
  <testcase name="itShouldHaveCard" classname="org.fundacionjala.at15.katas.pokerhands.CardsTest" time="0.003"/>
  <system-out><![CDATA[]]></system-out>
  <system-err><![CDATA[]]></system-err>
</testsuite>
