<?xml version="1.0" encoding="UTF-8"?>
<testsuite name="org.fundacionjala.at15.katas.pokerhands.handTest" tests="1" skipped="0" failures="0" errors="0" timestamp="2022-03-09T02:31:40" hostname="DESKTOP-01VSN5H" time="0.013">
  <properties/>
  <testcase name="itShouldShowHighCardOfTheHand" classname="org.fundacionjala.at15.katas.pokerhands.handTest" time="0.013"/>
  <system-out><![CDATA[]]></system-out>
  <system-err><![CDATA[]]></system-err>
</testsuite>
