<?xml version="1.0" encoding="UTF-8"?>
<testsuite name="org.fundacionjala.at15.katas.pokerhands.ClubCardTest" tests="1" skipped="0" failures="0" errors="0" timestamp="2022-03-08T20:13:00" hostname="DESKTOP-SSK7QD0" time="0.016">
  <properties/>
  <testcase name="itShouldHaveAValueAndASuit" classname="org.fundacionjala.at15.katas.pokerhands.ClubCardTest" time="0.016"/>
  <system-out><![CDATA[]]></system-out>
  <system-err><![CDATA[]]></system-err>
</testsuite>
